<?xml version="1.0" encoding="UTF-8"?>
<!-- Generated by org.testng.reporters.JUnitReportReporter -->
<testsuite skipped="0" hostname="WIN7-20161110QU" name="demo.UserRegistry" tests="1" failures="0" timestamp="23 八月 2017 04:00:30 GMT" time="31.011" errors="0">
  <testcase name="regi1stry" time="31.011" classname="demo.UserRegistry"/>
</testsuite> <!-- demo.UserRegistry -->
