<?xml version="1.0" encoding="UTF-8"?>
<!-- Generated by org.testng.reporters.JUnitReportReporter -->
<testsuite skipped="0" hostname="WIN7-20161110QU" name="demo.Login" tests="1" failures="0" timestamp="23 八月 2017 09:39:50 GMT" time="14.349" errors="0">
  <testcase name="login" time="14.349" classname="demo.Login"/>
</testsuite> <!-- demo.Login -->
