<?xml version="1.0" encoding="UTF-8"?>
<!-- Generated by org.testng.reporters.JUnitReportReporter -->
<testsuite skipped="0" hostname="WIN7-20161110QU" name="demo.Test" tests="1" failures="0" timestamp="23 八月 2017 09:25:12 GMT" time="0.010" errors="0">
  <testcase name="test1" time="0.010" classname="demo.Test"/>
</testsuite> <!-- demo.Test -->
