<?xml version="1.0" encoding="UTF-8"?>
<!-- Generated by org.testng.reporters.JUnitReportReporter -->
<testsuite skipped="0" hostname="WIN7-20161110QU" name="demo.Login2" tests="1" failures="0" timestamp="22 八月 2017 05:05:00 GMT" time="4.387" errors="0">
  <testcase name="login" time="4.387" classname="demo.Login2"/>
</testsuite> <!-- demo.Login2 -->
